[2025-08-06T06:21:56.306Z] > command requires scopes: ["email","openid","https://www.googleapis.com/auth/cloudplatformprojects.readonly","https://www.googleapis.com/auth/firebase","https://www.googleapis.com/auth/cloud-platform"]
[2025-08-06T06:21:56.311Z] > authorizing via signed-in user (vdhsfbihweri@gmail.com)
[2025-08-06T06:21:56.312Z] [iam] checking project hadoti-daily-mart-467808 for permissions ["cloudfunctions.functions.create","cloudfunctions.functions.delete","cloudfunctions.functions.get","cloudfunctions.functions.list","cloudfunctions.functions.update","cloudfunctions.operations.get","firebase.projects.get"]
[2025-08-06T06:21:56.319Z] No OAuth tokens found
[2025-08-06T06:21:56.320Z] No OAuth tokens found
[2025-08-06T06:21:56.323Z] > command requires scopes: ["email","openid","https://www.googleapis.com/auth/cloudplatformprojects.readonly","https://www.googleapis.com/auth/firebase","https://www.googleapis.com/auth/cloud-platform"]
[2025-08-06T06:21:56.324Z] > authorizing via signed-in user (vdhsfbihweri@gmail.com)
[2025-08-06T06:21:56.326Z] >>> [apiv2][query] POST https://cloudresourcemanager.googleapis.com/v1/projects/hadoti-daily-mart-467808:testIamPermissions [none]
[2025-08-06T06:21:56.328Z] >>> [apiv2][(partial)header] POST https://cloudresourcemanager.googleapis.com/v1/projects/hadoti-daily-mart-467808:testIamPermissions x-goog-quota-user=projects/hadoti-daily-mart-467808
[2025-08-06T06:21:56.328Z] >>> [apiv2][body] POST https://cloudresourcemanager.googleapis.com/v1/projects/hadoti-daily-mart-467808:testIamPermissions {"permissions":["cloudfunctions.functions.create","cloudfunctions.functions.delete","cloudfunctions.functions.get","cloudfunctions.functions.list","cloudfunctions.functions.update","cloudfunctions.operations.get","firebase.projects.get"]}
[2025-08-06T06:21:57.231Z] <<< [apiv2][status] POST https://cloudresourcemanager.googleapis.com/v1/projects/hadoti-daily-mart-467808:testIamPermissions 200
[2025-08-06T06:21:57.232Z] <<< [apiv2][body] POST https://cloudresourcemanager.googleapis.com/v1/projects/hadoti-daily-mart-467808:testIamPermissions {"permissions":["cloudfunctions.functions.create","cloudfunctions.functions.delete","cloudfunctions.functions.get","cloudfunctions.functions.list","cloudfunctions.functions.update","cloudfunctions.operations.get","firebase.projects.get"]}
[2025-08-06T06:21:57.233Z] No OAuth tokens found
[2025-08-06T06:21:57.234Z] No OAuth tokens found
[2025-08-06T06:21:57.235Z] > command requires scopes: ["email","openid","https://www.googleapis.com/auth/cloudplatformprojects.readonly","https://www.googleapis.com/auth/firebase","https://www.googleapis.com/auth/cloud-platform"]
[2025-08-06T06:21:57.235Z] > authorizing via signed-in user (vdhsfbihweri@gmail.com)
[2025-08-06T06:21:57.235Z] >>> [apiv2][query] POST https://iam.googleapis.com/v1/projects/hadoti-daily-mart-467808/serviceAccounts/hadoti-daily-mart-467808@appspot.gserviceaccount.com:testIamPermissions [none]
[2025-08-06T06:21:57.236Z] >>> [apiv2][body] POST https://iam.googleapis.com/v1/projects/hadoti-daily-mart-467808/serviceAccounts/hadoti-daily-mart-467808@appspot.gserviceaccount.com:testIamPermissions {"permissions":["iam.serviceAccounts.actAs"]}
[2025-08-06T06:21:58.221Z] <<< [apiv2][status] POST https://iam.googleapis.com/v1/projects/hadoti-daily-mart-467808/serviceAccounts/hadoti-daily-mart-467808@appspot.gserviceaccount.com:testIamPermissions 200
[2025-08-06T06:21:58.221Z] <<< [apiv2][body] POST https://iam.googleapis.com/v1/projects/hadoti-daily-mart-467808/serviceAccounts/hadoti-daily-mart-467808@appspot.gserviceaccount.com:testIamPermissions {"permissions":["iam.serviceAccounts.actAs"]}

=== Deploying to 'hadoti-daily-mart-467808'...

i  deploying functions 
[2025-08-06T06:21:58.227Z] No OAuth tokens found
[2025-08-06T06:21:58.227Z] No OAuth tokens found
[2025-08-06T06:21:58.228Z] > command requires scopes: ["email","openid","https://www.googleapis.com/auth/cloudplatformprojects.readonly","https://www.googleapis.com/auth/firebase","https://www.googleapis.com/auth/cloud-platform"]
[2025-08-06T06:21:58.228Z] > authorizing via signed-in user (vdhsfbihweri@gmail.com)
[2025-08-06T06:21:58.228Z] >>> [apiv2][query] GET https://cloudresourcemanager.googleapis.com/v1/projects/hadoti-daily-mart-467808 [none]
[2025-08-06T06:21:58.447Z] <<< [apiv2][status] GET https://cloudresourcemanager.googleapis.com/v1/projects/hadoti-daily-mart-467808 200
[2025-08-06T06:21:58.448Z] <<< [apiv2][body] GET https://cloudresourcemanager.googleapis.com/v1/projects/hadoti-daily-mart-467808 {"projectNumber":"828017757103","projectId":"hadoti-daily-mart-467808","lifecycleState":"ACTIVE","name":"Hadoti Daily Mart","labels":{"firebase":"enabled","firebase-core":"disabled"},"createTime":"2025-08-02T08:23:38.575019Z"}
i  functions: preparing codebase default for deployment 
i  functions: preparing codebase image-processing for deployment 
i  functions: ensuring required API cloudfunctions.googleapis.com is enabled... 
i  functions: ensuring required API cloudbuild.googleapis.com is enabled... 
i  artifactregistry: ensuring required API artifactregistry.googleapis.com is enabled... 
[2025-08-06T06:21:58.457Z] No OAuth tokens found
[2025-08-06T06:21:58.457Z] No OAuth tokens found
[2025-08-06T06:21:58.457Z] > command requires scopes: ["email","openid","https://www.googleapis.com/auth/cloudplatformprojects.readonly","https://www.googleapis.com/auth/firebase","https://www.googleapis.com/auth/cloud-platform"]
[2025-08-06T06:21:58.457Z] > authorizing via signed-in user (vdhsfbihweri@gmail.com)
[2025-08-06T06:21:58.458Z] >>> [apiv2][query] GET https://firebase.googleapis.com/v1beta1/projects/hadoti-daily-mart-467808/adminSdkConfig [none]
[2025-08-06T06:21:59.294Z] <<< [apiv2][status] GET https://firebase.googleapis.com/v1beta1/projects/hadoti-daily-mart-467808/adminSdkConfig 200
[2025-08-06T06:21:59.294Z] <<< [apiv2][body] GET https://firebase.googleapis.com/v1beta1/projects/hadoti-daily-mart-467808/adminSdkConfig {"projectId":"hadoti-daily-mart-467808","storageBucket":"hadoti-daily-mart-467808.firebasestorage.app"}
[2025-08-06T06:21:59.295Z] No OAuth tokens found
[2025-08-06T06:21:59.295Z] No OAuth tokens found
[2025-08-06T06:21:59.296Z] > command requires scopes: ["email","openid","https://www.googleapis.com/auth/cloudplatformprojects.readonly","https://www.googleapis.com/auth/firebase","https://www.googleapis.com/auth/cloud-platform"]
[2025-08-06T06:21:59.296Z] > authorizing via signed-in user (vdhsfbihweri@gmail.com)
[2025-08-06T06:21:59.296Z] >>> [apiv2][query] GET https://runtimeconfig.googleapis.com/v1beta1/projects/hadoti-daily-mart-467808/configs [none]
[2025-08-06T06:21:59.648Z] <<< [apiv2][status] GET https://runtimeconfig.googleapis.com/v1beta1/projects/hadoti-daily-mart-467808/configs 200
[2025-08-06T06:21:59.649Z] <<< [apiv2][body] GET https://runtimeconfig.googleapis.com/v1beta1/projects/hadoti-daily-mart-467808/configs {}
[2025-08-06T06:21:59.655Z] Validating nodejs source
[2025-08-06T06:22:00.438Z] > [functions] package.json contents: {
  "name": "default-functions",
  "description": "Main Cloud Functions for Firebase",
  "main": "index.js",
  "engines": {
    "node": "20"
  },
  "dependencies": {
    "firebase-admin": "^12.1.0",
    "firebase-functions": "^5.0.1"
  },
  "devDependencies": {
    "eslint": "^8.57.0",
    "eslint-config-google": "^0.14.0"
  },
  "private": true
}
[2025-08-06T06:22:00.439Z] Building nodejs source
i  functions: Loading and analyzing source code for codebase default to determine what to deploy 
[2025-08-06T06:22:00.446Z] Could not find functions.yaml. Must use http discovery
[2025-08-06T06:22:00.459Z] Found firebase-functions binary at '/home/user/hadoti-daily-mart/functions/node_modules/.bin/firebase-functions'
[2025-08-06T06:22:00.479Z] Error: spawn /home/user/hadoti-daily-mart/functions/node_modules/.bin/firebase-functions EACCES
    at ChildProcess._handle.onexit (node:internal/child_process:285:19)
    at onErrorNT (node:internal/child_process:483:16)
    at process.processTicksAndRejections (node:internal/process/task_queues:82:21)

Error: An unexpected error has occurred.
